[debug] [2018-04-06T19:27:57.521Z] ----------------------------------------------------------------------
[debug] [2018-04-06T19:27:57.523Z] Command:       C:\Program Files\nodejs\node.exe C:\Users\Administrator\AppData\Roaming\npm\node_modules\firebase-tools\bin\firebase serve
[debug] [2018-04-06T19:27:57.524Z] CLI Version:   3.18.0
[debug] [2018-04-06T19:27:57.524Z] Platform:      win32
[debug] [2018-04-06T19:27:57.524Z] Node Version:  v8.9.1
[debug] [2018-04-06T19:27:57.524Z] Time:          Fri Apr 06 2018 12:27:57 GMT-0700 (Pacific Daylight Time)
[debug] [2018-04-06T19:27:57.525Z] ----------------------------------------------------------------------
[debug] 
[debug] [2018-04-06T19:27:57.537Z] > command requires scopes: ["email","openid","https://www.googleapis.com/auth/cloudplatformprojects.readonly","https://www.googleapis.com/auth/firebase","https://www.googleapis.com/auth/cloud-platform"]
[debug] [2018-04-06T19:27:57.537Z] > authorizing via signed-in user
[debug] [2018-04-06T19:27:57.540Z] >>> HTTP REQUEST GET https://admin.firebase.com/v1/projects/charmupapp  
  
 Fri Apr 06 2018 12:27:57 GMT-0700 (Pacific Daylight Time)
[debug] [2018-04-06T19:27:57.997Z] <<< HTTP RESPONSE 200
[debug] [2018-04-06T19:27:57.997Z] >>> HTTP REQUEST GET https://admin.firebase.com/v1/database/charmupapp/tokens  
  
 Fri Apr 06 2018 12:27:57 GMT-0700 (Pacific Daylight Time)
[debug] [2018-04-06T19:27:58.351Z] <<< HTTP RESPONSE 200
[debug] [2018-04-06T19:27:58.352Z] >>> HTTP REQUEST GET https://cloudresourcemanager.googleapis.com/v1/projects/charmupapp  
  
 Fri Apr 06 2018 12:27:58 GMT-0700 (Pacific Daylight Time)
[debug] [2018-04-06T19:27:58.647Z] <<< HTTP RESPONSE 200
[info] 
[info] === Serving from 'C:\PROJECT II\michika_code\final-code - Capstone - github'...
[info] 
[debug] [2018-04-06T19:27:58.649Z] >>> HTTP REQUEST GET https://mobilesdk-pa.googleapis.com/v1/projects/263698113549/clients/_:getWebAppConfig  
  
 Fri Apr 06 2018 12:27:58 GMT-0700 (Pacific Daylight Time)
[debug] [2018-04-06T19:27:58.911Z] <<< HTTP RESPONSE 200
[info] i  hosting: Serving hosting files from: public
[info] +  hosting: Local server: http://localhost:5000

[debug] [2018-04-07T07:26:26.378Z] ----------------------------------------------------------------------
[debug] [2018-04-07T07:26:26.381Z] Command:       C:\Program Files\nodejs\node.exe C:\Users\Administrator\AppData\Roaming\npm\node_modules\firebase-tools\bin\firebase serve
[debug] [2018-04-07T07:26:26.381Z] CLI Version:   3.18.0
[debug] [2018-04-07T07:26:26.381Z] Platform:      win32
[debug] [2018-04-07T07:26:26.381Z] Node Version:  v8.9.1
[debug] [2018-04-07T07:26:26.382Z] Time:          Sat Apr 07 2018 00:26:26 GMT-0700 (Pacific Daylight Time)
[debug] [2018-04-07T07:26:26.382Z] ----------------------------------------------------------------------
[debug] 
[debug] [2018-04-07T07:26:26.405Z] > command requires scopes: ["email","openid","https://www.googleapis.com/auth/cloudplatformprojects.readonly","https://www.googleapis.com/auth/firebase","https://www.googleapis.com/auth/cloud-platform"]
[debug] [2018-04-07T07:26:26.405Z] > authorizing via signed-in user
[debug] [2018-04-07T07:26:26.407Z] > refreshing access token with scopes: ["email","https://www.googleapis.com/auth/cloud-platform","https://www.googleapis.com/auth/cloudplatformprojects.readonly","https://www.googleapis.com/auth/firebase","openid"]
[debug] [2018-04-07T07:26:26.408Z] >>> HTTP REQUEST POST https://www.googleapis.com/oauth2/v3/token  
 { refresh_token: '1/dGqObhPH5HwS1Ul5bR3xrYQnKFw8_8YxKAUoKYjdR9HbVNgIX3NKMI5MrACvHNZf',
  client_id: '563584335869-fgrhgmd47bqnekij5i8b5pr03ho849e6.apps.googleusercontent.com',
  client_secret: 'j9iVZfS8kkCEFUPaAeJV0sAi',
  grant_type: 'refresh_token',
  scope: 'email https://www.googleapis.com/auth/cloud-platform https://www.googleapis.com/auth/cloudplatformprojects.readonly https://www.googleapis.com/auth/firebase openid' } 
 Sat Apr 07 2018 00:26:26 GMT-0700 (Pacific Daylight Time)
[debug] [2018-04-07T07:26:26.600Z] <<< HTTP RESPONSE 200
[debug] [2018-04-07T07:26:26.606Z] >>> HTTP REQUEST GET https://admin.firebase.com/v1/projects/charmupapp  
  
 Sat Apr 07 2018 00:26:26 GMT-0700 (Pacific Daylight Time)
[debug] [2018-04-07T07:26:27.059Z] <<< HTTP RESPONSE 200
[debug] [2018-04-07T07:26:27.060Z] >>> HTTP REQUEST GET https://admin.firebase.com/v1/database/charmupapp/tokens  
  
 Sat Apr 07 2018 00:26:27 GMT-0700 (Pacific Daylight Time)
[debug] [2018-04-07T07:26:27.422Z] <<< HTTP RESPONSE 200
[debug] [2018-04-07T07:26:27.423Z] >>> HTTP REQUEST GET https://cloudresourcemanager.googleapis.com/v1/projects/charmupapp  
  
 Sat Apr 07 2018 00:26:27 GMT-0700 (Pacific Daylight Time)
[debug] [2018-04-07T07:26:27.723Z] <<< HTTP RESPONSE 200
[info] 
[info] === Serving from 'C:\PROJECT II\michika_code\final-code - Capstone - github'...
[info] 
[debug] [2018-04-07T07:26:27.726Z] >>> HTTP REQUEST GET https://mobilesdk-pa.googleapis.com/v1/projects/263698113549/clients/_:getWebAppConfig  
  
 Sat Apr 07 2018 00:26:27 GMT-0700 (Pacific Daylight Time)
[debug] [2018-04-07T07:26:28.183Z] <<< HTTP RESPONSE 200
[info] i  hosting: Serving hosting files from: public
[info] +  hosting: Local server: http://localhost:5000

